15:42:51.765 | V |                      | ArgumentsFromParametersFile.OnBuildCreated (150)
15:42:51.831 | V |                      | Passing value for <unresolved> (gradebook.sln)
15:42:51.846 | V |                      | HandleReSharperSurrogateArguments.OnBuildCreated (150)
15:42:51.847 | V |                      | InjectParameterValues.OnBuildCreated (100)
15:42:51.867 | V |                      | HandleShellCompletion.OnBuildCreated (75)
15:42:52.100 | V |                      | GenerateBuildServerConfigurations.OnBuildCreated (50)
15:42:52.100 | V |                      | InvokeBuildServerConfigurationGeneration.OnBuildCreated (45)
15:42:52.116 | V |                      | UpdateNotification.OnBuildCreated (10)
15:42:52.119 | V |                      | UnsetVisualStudioEnvironmentVariables.OnBuildCreated (0)
15:42:52.119 | V |                      | HandleVisualStudioDebugging.OnBuildCreated (0)
15:42:52.121 | V |                      | EventInvoker.OnBuildCreated (-3.4028235E+38)
15:42:52.142 | V |                      | Target-unrelated exception was thrown
System.Exception: Target with name 'typetests' does not exist. Available targets are:
  - Clean
  - Compile
  - Restore
   at Nuke.Common.Assert.Fail(String message, Exception exception) in /_/source/Nuke.Utilities/Assert.cs:line 28
   at Nuke.Common.Execution.ExecutionPlanner.GetExecutableTarget(String targetName, IReadOnlyCollection`1 executableTargets) in /_/source/Nuke.Build/Execution/ExecutionPlanner.cs:line 107
   at Nuke.Common.Execution.ExecutionPlanner.<>c__DisplayClass0_0.<GetExecutionPlan>b__0(String x) in /_/source/Nuke.Build/Execution/ExecutionPlanner.cs:line 24
   at System.Linq.Enumerable.SelectArrayIterator`2.ToList()
   at System.Linq.Enumerable.ToList[TSource](IEnumerable`1 source)
   at Nuke.Common.Execution.ExecutionPlanner.GetExecutionPlan(IReadOnlyCollection`1 executableTargets, IReadOnlyCollection`1 invokedTargetNames) in /_/source/Nuke.Build/Execution/ExecutionPlanner.cs:line 24
   at Nuke.Common.Execution.BuildManager.Execute[T](Expression`1[] defaultTargetExpressions) in /_/source/Nuke.Build/Execution/BuildManager.cs:line 65
